# JRE version: Java(TM) SE Runtime Environment (8.0_05-b13) (build 1.8.0_05-b13)
# Java VM: Java HotSpot(TM) 64-Bit Server VM (25.5-b02 mixed mode windows-amd64 compressed oops)
Heap:
 PSYoungGen      total 87552K, used 3492K [0x00000000eeb80000, 0x00000000f5500000, 0x0000000100000000)
  eden space 74752K, 4% used [0x00000000eeb80000,0x00000000eeee9108,0x00000000f3480000)
  from space 12800K, 0% used [0x00000000f3480000,0x00000000f3480000,0x00000000f4100000)
  to   space 12800K, 0% used [0x00000000f4880000,0x00000000f4880000,0x00000000f5500000)
 ParOldGen       total 33792K, used 24475K [0x00000000cc200000, 0x00000000ce300000, 0x00000000eeb80000)
  object space 33792K, 72% used [0x00000000cc200000,0x00000000cd9e6ec0,0x00000000ce300000)
 Metaspace       used 32728K, capacity 33370K, committed 34560K, reserved 1079296K
  class space    used 3846K, capacity 4026K, committed 4352K, reserved 1048576K
GC Heap History (10 events):
Event: 15.851 GC heap before
{Heap before GC invocations=24 (full 1):
 PSYoungGen      total 70656K, used 70635K [0x00000000eeb80000, 0x00000000f4300000, 0x0000000100000000)
  eden space 64000K, 100% used [0x00000000eeb80000,0x00000000f2a00000,0x00000000f2a00000)
  from space 6656K, 99% used [0x00000000f3c80000,0x00000000f42fac40,0x00000000f4300000)
  to   space 8192K, 0% used [0x00000000f3300000,0x00000000f3300000,0x00000000f3b00000)
 ParOldGen       total 24064K, used 19683K [0x00000000cc200000, 0x00000000cd980000, 0x00000000eeb80000)
  object space 24064K, 81% used [0x00000000cc200000,0x00000000cd538f58,0x00000000cd980000)
 Metaspace       used 31143K, capacity 31752K, committed 32000K, reserved 1077248K
  class space    used 3897K, capacity 4092K, committed 4096K, reserved 1048576K
Event: 15.892 GC heap after
Heap after GC invocations=24 (full 1):
 PSYoungGen      total 81408K, used 8161K [0x00000000eeb80000, 0x00000000f4d80000, 0x0000000100000000)
  eden space 73216K, 0% used [0x00000000eeb80000,0x00000000eeb80000,0x00000000f3300000)
  from space 8192K, 99% used [0x00000000f3300000,0x00000000f3af8630,0x00000000f3b00000)
  to   space 12800K, 0% used [0x00000000f4100000,0x00000000f4100000,0x00000000f4d80000)
 ParOldGen       total 28160K, used 27995K [0x00000000cc200000, 0x00000000cdd80000, 0x00000000eeb80000)
  object space 28160K, 99% used [0x00000000cc200000,0x00000000cdd56db8,0x00000000cdd80000)
 Metaspace       used 31143K, capacity 31752K, committed 32000K, reserved 1077248K
  class space    used 3897K, capacity 4092K, committed 4096K, reserved 1048576K
}
Event: 15.892 GC heap before
{Heap before GC invocations=25 (full 2):
 PSYoungGen      total 81408K, used 8161K [0x00000000eeb80000, 0x00000000f4d80000, 0x0000000100000000)
  eden space 73216K, 0% used [0x00000000eeb80000,0x00000000eeb80000,0x00000000f3300000)
  from space 8192K, 99% used [0x00000000f3300000,0x00000000f3af8630,0x00000000f3b00000)
  to   space 12800K, 0% used [0x00000000f4100000,0x00000000f4100000,0x00000000f4d80000)
 ParOldGen       total 28160K, used 27995K [0x00000000cc200000, 0x00000000cdd80000, 0x00000000eeb80000)
  object space 28160K, 99% used [0x00000000cc200000,0x00000000cdd56db8,0x00000000cdd80000)
 Metaspace       used 31143K, capacity 31752K, committed 32000K, reserved 1077248K
  class space    used 3897K, capacity 4092K, committed 4096K, reserved 1048576K
Event: 16.080 GC heap after
Heap after GC invocations=25 (full 2):
 PSYoungGen      total 81408K, used 0K [0x00000000eeb80000, 0x00000000f4d80000, 0x0000000100000000)
  eden space 73216K, 0% used [0x00000000eeb80000,0x00000000eeb80000,0x00000000f3300000)
  from space 8192K, 0% used [0x00000000f3300000,0x00000000f3300000,0x00000000f3b00000)
  to   space 12800K, 0% used [0x00000000f4100000,0x00000000f4100000,0x00000000f4d80000)
 ParOldGen       total 33792K, used 24954K [0x00000000cc200000, 0x00000000ce300000, 0x00000000eeb80000)
  object space 33792K, 73% used [0x00000000cc200000,0x00000000cda5eba8,0x00000000ce300000)
 Metaspace       used 30001K, capacity 30576K, committed 32000K, reserved 1077248K
  class space    used 3595K, capacity 3764K, committed 4096K, reserved 1048576K
}
Event: 19.856 GC heap before
{Heap before GC invocations=26 (full 2):
 PSYoungGen      total 81408K, used 73216K [0x00000000eeb80000, 0x00000000f4d80000, 0x0000000100000000)
  eden space 73216K, 100% used [0x00000000eeb80000,0x00000000f3300000,0x00000000f3300000)
  from space 8192K, 0% used [0x00000000f3300000,0x00000000f3300000,0x00000000f3b00000)
  to   space 12800K, 0% used [0x00000000f4100000,0x00000000f4100000,0x00000000f4d80000)
 ParOldGen       total 33792K, used 24954K [0x00000000cc200000, 0x00000000ce300000, 0x00000000eeb80000)
  object space 33792K, 73% used [0x00000000cc200000,0x00000000cda5eba8,0x00000000ce300000)
 Metaspace       used 32854K, capacity 33554K, committed 33664K, reserved 1079296K
  class space    used 4031K, capacity 4194K, committed 4224K, reserved 1048576K
Event: 19.876 GC heap after
Heap after GC invocations=26 (full 2):
 PSYoungGen      total 87552K, used 7083K [0x00000000eeb80000, 0x00000000f5500000, 0x0000000100000000)
  eden space 74752K, 0% used [0x00000000eeb80000,0x00000000eeb80000,0x00000000f3480000)
  from space 12800K, 55% used [0x00000000f4100000,0x00000000f47eadc8,0x00000000f4d80000)
  to   space 12800K, 0% used [0x00000000f3480000,0x00000000f3480000,0x00000000f4100000)
 ParOldGen       total 33792K, used 24962K [0x00000000cc200000, 0x00000000ce300000, 0x00000000eeb80000)
  object space 33792K, 73% used [0x00000000cc200000,0x00000000cda60ba8,0x00000000ce300000)
 Metaspace       used 32854K, capacity 33554K, committed 33664K, reserved 1079296K
  class space    used 4031K, capacity 4194K, committed 4224K, reserved 1048576K
}
Event: 27.425 GC heap before
{Heap before GC invocations=27 (full 2):
 PSYoungGen      total 87552K, used 27395K [0x00000000eeb80000, 0x00000000f5500000, 0x0000000100000000)
  eden space 74752K, 27% used [0x00000000eeb80000,0x00000000eff56170,0x00000000f3480000)
  from space 12800K, 55% used [0x00000000f4100000,0x00000000f47eadc8,0x00000000f4d80000)
  to   space 12800K, 0% used [0x00000000f3480000,0x00000000f3480000,0x00000000f4100000)
 ParOldGen       total 33792K, used 24962K [0x00000000cc200000, 0x00000000ce300000, 0x00000000eeb80000)
  object space 33792K, 73% used [0x00000000cc200000,0x00000000cda60ba8,0x00000000ce300000)
 Metaspace       used 33731K, capacity 34450K, committed 34560K, reserved 1079296K
  class space    used 4126K, capacity 4322K, committed 4352K, reserved 1048576K
Event: 27.439 GC heap after
Heap after GC invocations=27 (full 2):
 PSYoungGen      total 87552K, used 6026K [0x00000000eeb80000, 0x00000000f5500000, 0x0000000100000000)
  eden space 74752K, 0% used [0x00000000eeb80000,0x00000000eeb80000,0x00000000f3480000)
  from space 12800K, 47% used [0x00000000f3480000,0x00000000f3a629b0,0x00000000f4100000)
  to   space 12800K, 0% used [0x00000000f4880000,0x00000000f4880000,0x00000000f5500000)
 ParOldGen       total 33792K, used 24970K [0x00000000cc200000, 0x00000000ce300000, 0x00000000eeb80000)
  object space 33792K, 73% used [0x00000000cc200000,0x00000000cda62ba8,0x00000000ce300000)
 Metaspace       used 33731K, capacity 34450K, committed 34560K, reserved 1079296K
  class space    used 4126K, capacity 4322K, committed 4352K, reserved 1048576K
}
Event: 27.439 GC heap before
{Heap before GC invocations=28 (full 3):
 PSYoungGen      total 87552K, used 6026K [0x00000000eeb80000, 0x00000000f5500000, 0x0000000100000000)
  eden space 74752K, 0% used [0x00000000eeb80000,0x00000000eeb80000,0x00000000f3480000)
  from space 12800K, 47% used [0x00000000f3480000,0x00000000f3a629b0,0x00000000f4100000)
  to   space 12800K, 0% used [0x00000000f4880000,0x00000000f4880000,0x00000000f5500000)
 ParOldGen       total 33792K, used 24970K [0x00000000cc200000, 0x00000000ce300000, 0x00000000eeb80000)
  object space 33792K, 73% used [0x00000000cc200000,0x00000000cda62ba8,0x00000000ce300000)
 Metaspace       used 33731K, capacity 34450K, committed 34560K, reserved 1079296K
  class space    used 4126K, capacity 4322K, committed 4352K, reserved 1048576K
Event: 27.786 GC heap after
Heap after GC invocations=28 (full 3):
 PSYoungGen      total 87552K, used 0K [0x00000000eeb80000, 0x00000000f5500000, 0x0000000100000000)
  eden space 74752K, 0% used [0x00000000eeb80000,0x00000000eeb80000,0x00000000f3480000)
  from space 12800K, 0% used [0x00000000f3480000,0x00000000f3480000,0x00000000f4100000)
  to   space 12800K, 0% used [0x00000000f4880000,0x00000000f4880000,0x00000000f5500000)
 ParOldGen       total 33792K, used 24475K [0x00000000cc200000, 0x00000000ce300000, 0x00000000eeb80000)
  object space 33792K, 72% used [0x00000000cc200000,0x00000000cd9e6ec0,0x00000000ce300000)
 Metaspace       used 32715K, capacity 33370K, committed 34560K, reserved 1079296K
  class space    used 3844K, capacity 4026K, committed 4352K, reserved 1048576K
}

